Classic Timing Analyzer report for machine_etat
Fri Oct 02 11:24:50 2020
Quartus II Version 9.0 Build 235 06/17/2009 Service Pack 2 SJ Web Edition


---------------------
; Table of Contents ;
---------------------
  1. Legal Notice
  2. Timing Analyzer Summary
  3. Timing Analyzer Settings
  4. Parallel Compilation
  5. tpd
  6. Timing Analyzer Messages



----------------
; Legal Notice ;
----------------
Copyright (C) 1991-2009 Altera Corporation
Your use of Altera Corporation's design tools, logic functions 
and other software and tools, and its AMPP partner logic 
functions, and any output files from any of the foregoing 
(including device programming or simulation files), and any 
associated documentation or information are expressly subject 
to the terms and conditions of the Altera Program License 
Subscription Agreement, Altera MegaCore Function License 
Agreement, or other applicable license agreement, including, 
without limitation, that your use is for the sole purpose of 
programming logic devices manufactured by Altera and sold by 
Altera or its authorized distributors.  Please refer to the 
applicable agreement for further details.



+---------------------------------------------------------------------------------------------------------------------------------------------+
; Timing Analyzer Summary                                                                                                                     ;
+------------------------------+-------+---------------+-------------+------------+--------------------+------------+----------+--------------+
; Type                         ; Slack ; Required Time ; Actual Time ; From       ; To                 ; From Clock ; To Clock ; Failed Paths ;
+------------------------------+-------+---------------+-------------+------------+--------------------+------------+----------+--------------+
; Worst-case tpd               ; N/A   ; None          ; 8.053 ns    ; data_in[7] ; data_anemometre[7] ; --         ; --       ; 0            ;
; Total number of failed paths ;       ;               ;             ;            ;                    ;            ;          ; 0            ;
+------------------------------+-------+---------------+-------------+------------+--------------------+------------+----------+--------------+


+--------------------------------------------------------------------------------------------------------------------+
; Timing Analyzer Settings                                                                                           ;
+---------------------------------------------------------------------+--------------------+------+----+-------------+
; Option                                                              ; Setting            ; From ; To ; Entity Name ;
+---------------------------------------------------------------------+--------------------+------+----+-------------+
; Device Name                                                         ; EP2C35F672C6       ;      ;    ;             ;
; Timing Models                                                       ; Final              ;      ;    ;             ;
; Default hold multicycle                                             ; Same as Multicycle ;      ;    ;             ;
; Cut paths between unrelated clock domains                           ; On                 ;      ;    ;             ;
; Cut off read during write signal paths                              ; On                 ;      ;    ;             ;
; Cut off feedback from I/O pins                                      ; On                 ;      ;    ;             ;
; Report Combined Fast/Slow Timing                                    ; Off                ;      ;    ;             ;
; Ignore Clock Settings                                               ; Off                ;      ;    ;             ;
; Analyze latches as synchronous elements                             ; On                 ;      ;    ;             ;
; Enable Recovery/Removal analysis                                    ; Off                ;      ;    ;             ;
; Enable Clock Latency                                                ; Off                ;      ;    ;             ;
; Use TimeQuest Timing Analyzer                                       ; Off                ;      ;    ;             ;
; Minimum Core Junction Temperature                                   ; 0                  ;      ;    ;             ;
; Maximum Core Junction Temperature                                   ; 85                 ;      ;    ;             ;
; Number of source nodes to report per destination node               ; 10                 ;      ;    ;             ;
; Number of destination nodes to report                               ; 10                 ;      ;    ;             ;
; Number of paths to report                                           ; 200                ;      ;    ;             ;
; Report Minimum Timing Checks                                        ; Off                ;      ;    ;             ;
; Use Fast Timing Models                                              ; Off                ;      ;    ;             ;
; Report IO Paths Separately                                          ; Off                ;      ;    ;             ;
; Perform Multicorner Analysis                                        ; On                 ;      ;    ;             ;
; Reports the worst-case path for each clock domain and analysis      ; Off                ;      ;    ;             ;
; Removes common clock path pessimism (CCPP) during slack computation ; Off                ;      ;    ;             ;
; Output I/O Timing Endpoint                                          ; Near End           ;      ;    ;             ;
+---------------------------------------------------------------------+--------------------+------+----+-------------+


Parallel compilation was disabled, but you have multiple processors available. Enable parallel compilation to reduce compilation time.
+-------------------------------------+
; Parallel Compilation                ;
+----------------------------+--------+
; Processors                 ; Number ;
+----------------------------+--------+
; Number detected on machine ; 4      ;
; Maximum allowed            ; 1      ;
+----------------------------+--------+


+-------------------------------------------------------------------------------+
; tpd                                                                           ;
+-------+-------------------+-----------------+------------+--------------------+
; Slack ; Required P2P Time ; Actual P2P Time ; From       ; To                 ;
+-------+-------------------+-----------------+------------+--------------------+
; N/A   ; None              ; 8.053 ns        ; data_in[7] ; data_anemometre[7] ;
; N/A   ; None              ; 7.698 ns        ; data_in[6] ; data_anemometre[6] ;
; N/A   ; None              ; 7.425 ns        ; RAZ        ; data_anemometre[7] ;
; N/A   ; None              ; 7.316 ns        ; continu    ; data_anemometre[7] ;
; N/A   ; None              ; 7.313 ns        ; data_in[4] ; data_anemometre[4] ;
; N/A   ; None              ; 7.263 ns        ; data_in[5] ; data_anemometre[5] ;
; N/A   ; None              ; 7.100 ns        ; RAZ        ; data_anemometre[2] ;
; N/A   ; None              ; 7.042 ns        ; start_stop ; data_anemometre[7] ;
; N/A   ; None              ; 6.991 ns        ; RAZ        ; data_anemometre[0] ;
; N/A   ; None              ; 6.991 ns        ; RAZ        ; data_valid         ;
; N/A   ; None              ; 6.982 ns        ; RAZ        ; data_anemometre[1] ;
; N/A   ; None              ; 6.894 ns        ; RAZ        ; data_anemometre[5] ;
; N/A   ; None              ; 6.883 ns        ; continu    ; data_anemometre[0] ;
; N/A   ; None              ; 6.882 ns        ; continu    ; data_valid         ;
; N/A   ; None              ; 6.872 ns        ; continu    ; data_anemometre[1] ;
; N/A   ; None              ; 6.853 ns        ; continu    ; data_anemometre[2] ;
; N/A   ; None              ; 6.841 ns        ; data_in[0] ; data_anemometre[0] ;
; N/A   ; None              ; 6.830 ns        ; data_in[1] ; data_anemometre[1] ;
; N/A   ; None              ; 6.766 ns        ; RAZ        ; data_anemometre[4] ;
; N/A   ; None              ; 6.766 ns        ; RAZ        ; data_anemometre[3] ;
; N/A   ; None              ; 6.760 ns        ; RAZ        ; data_anemometre[6] ;
; N/A   ; None              ; 6.656 ns        ; continu    ; data_anemometre[4] ;
; N/A   ; None              ; 6.656 ns        ; continu    ; data_anemometre[3] ;
; N/A   ; None              ; 6.649 ns        ; continu    ; data_anemometre[6] ;
; N/A   ; None              ; 6.645 ns        ; continu    ; data_anemometre[5] ;
; N/A   ; None              ; 6.614 ns        ; start_stop ; data_valid         ;
; N/A   ; None              ; 6.609 ns        ; start_stop ; data_anemometre[0] ;
; N/A   ; None              ; 6.607 ns        ; start_stop ; data_anemometre[1] ;
; N/A   ; None              ; 6.588 ns        ; start_stop ; data_anemometre[2] ;
; N/A   ; None              ; 6.541 ns        ; data_in[3] ; data_anemometre[3] ;
; N/A   ; None              ; 6.391 ns        ; start_stop ; data_anemometre[3] ;
; N/A   ; None              ; 6.390 ns        ; start_stop ; data_anemometre[4] ;
; N/A   ; None              ; 6.390 ns        ; data_in[2] ; data_anemometre[2] ;
; N/A   ; None              ; 6.386 ns        ; start_stop ; data_anemometre[5] ;
; N/A   ; None              ; 6.385 ns        ; start_stop ; data_anemometre[6] ;
+-------+-------------------+-----------------+------------+--------------------+


+--------------------------+
; Timing Analyzer Messages ;
+--------------------------+
Info: *******************************************************************
Info: Running Quartus II Classic Timing Analyzer
    Info: Version 9.0 Build 235 06/17/2009 Service Pack 2 SJ Web Edition
    Info: Processing started: Fri Oct 02 11:24:49 2020
Info: Command: quartus_tan --read_settings_files=off --write_settings_files=off machine_etat -c machine_etat --timing_analysis_only
Info: Longest tpd from source pin "data_in[7]" to destination pin "data_anemometre[7]" is 8.053 ns
    Info: 1: + IC(0.000 ns) + CELL(0.999 ns) = 0.999 ns; Loc. = PIN_N1; Fanout = 1; PIN Node = 'data_in[7]'
    Info: 2: + IC(2.495 ns) + CELL(0.436 ns) = 3.930 ns; Loc. = LCCOMB_X61_Y4_N16; Fanout = 1; COMB Node = 's_2~31'
    Info: 3: + IC(1.355 ns) + CELL(2.768 ns) = 8.053 ns; Loc. = PIN_AA14; Fanout = 0; PIN Node = 'data_anemometre[7]'
    Info: Total cell delay = 4.203 ns ( 52.19 % )
    Info: Total interconnect delay = 3.850 ns ( 47.81 % )
Info: Quartus II Classic Timing Analyzer was successful. 0 errors, 0 warnings
    Info: Peak virtual memory: 173 megabytes
    Info: Processing ended: Fri Oct 02 11:24:50 2020
    Info: Elapsed time: 00:00:01
    Info: Total CPU time (on all processors): 00:00:00


