Classic Timing Analyzer report for Compteur
Fri Sep 11 11:26:01 2020
Quartus II Version 9.0 Build 235 06/17/2009 Service Pack 2 SJ Web Edition


---------------------
; Table of Contents ;
---------------------
  1. Legal Notice
  2. Timing Analyzer Summary
  3. Timing Analyzer Settings
  4. Clock Settings Summary
  5. Parallel Compilation
  6. Clock Setup: 'CLOCK'
  7. tco
  8. Timing Analyzer Messages



----------------
; Legal Notice ;
----------------
Copyright (C) 1991-2009 Altera Corporation
Your use of Altera Corporation's design tools, logic functions 
and other software and tools, and its AMPP partner logic 
functions, and any output files from any of the foregoing 
(including device programming or simulation files), and any 
associated documentation or information are expressly subject 
to the terms and conditions of the Altera Program License 
Subscription Agreement, Altera MegaCore Function License 
Agreement, or other applicable license agreement, including, 
without limitation, that your use is for the sole purpose of 
programming logic devices manufactured by Altera and sold by 
Altera or its authorized distributors.  Please refer to the 
applicable agreement for further details.



+----------------------------------------------------------------------------------------------------------------------------------------------------------------------+
; Timing Analyzer Summary                                                                                                                                              ;
+------------------------------+-------+---------------+------------------------------------------------+-----------+-----------+------------+----------+--------------+
; Type                         ; Slack ; Required Time ; Actual Time                                    ; From      ; To        ; From Clock ; To Clock ; Failed Paths ;
+------------------------------+-------+---------------+------------------------------------------------+-----------+-----------+------------+----------+--------------+
; Worst-case tco               ; N/A   ; None          ; 6.384 ns                                       ; Q[2]~reg0 ; Q[2]      ; CLOCK      ; --       ; 0            ;
; Clock Setup: 'CLOCK'         ; N/A   ; None          ; Restricted to 420.17 MHz ( period = 2.380 ns ) ; Q[2]~reg0 ; Q[3]~reg0 ; CLOCK      ; CLOCK    ; 0            ;
; Total number of failed paths ;       ;               ;                                                ;           ;           ;            ;          ; 0            ;
+------------------------------+-------+---------------+------------------------------------------------+-----------+-----------+------------+----------+--------------+


+--------------------------------------------------------------------------------------------------------------------+
; Timing Analyzer Settings                                                                                           ;
+---------------------------------------------------------------------+--------------------+------+----+-------------+
; Option                                                              ; Setting            ; From ; To ; Entity Name ;
+---------------------------------------------------------------------+--------------------+------+----+-------------+
; Device Name                                                         ; EP2C35F672C6       ;      ;    ;             ;
; Timing Models                                                       ; Final              ;      ;    ;             ;
; Default hold multicycle                                             ; Same as Multicycle ;      ;    ;             ;
; Cut paths between unrelated clock domains                           ; On                 ;      ;    ;             ;
; Cut off read during write signal paths                              ; On                 ;      ;    ;             ;
; Cut off feedback from I/O pins                                      ; On                 ;      ;    ;             ;
; Report Combined Fast/Slow Timing                                    ; Off                ;      ;    ;             ;
; Ignore Clock Settings                                               ; Off                ;      ;    ;             ;
; Analyze latches as synchronous elements                             ; On                 ;      ;    ;             ;
; Enable Recovery/Removal analysis                                    ; Off                ;      ;    ;             ;
; Enable Clock Latency                                                ; Off                ;      ;    ;             ;
; Use TimeQuest Timing Analyzer                                       ; Off                ;      ;    ;             ;
; Minimum Core Junction Temperature                                   ; 0                  ;      ;    ;             ;
; Maximum Core Junction Temperature                                   ; 85                 ;      ;    ;             ;
; Number of source nodes to report per destination node               ; 10                 ;      ;    ;             ;
; Number of destination nodes to report                               ; 10                 ;      ;    ;             ;
; Number of paths to report                                           ; 200                ;      ;    ;             ;
; Report Minimum Timing Checks                                        ; Off                ;      ;    ;             ;
; Use Fast Timing Models                                              ; Off                ;      ;    ;             ;
; Report IO Paths Separately                                          ; Off                ;      ;    ;             ;
; Perform Multicorner Analysis                                        ; On                 ;      ;    ;             ;
; Reports the worst-case path for each clock domain and analysis      ; Off                ;      ;    ;             ;
; Removes common clock path pessimism (CCPP) during slack computation ; Off                ;      ;    ;             ;
; Output I/O Timing Endpoint                                          ; Near End           ;      ;    ;             ;
+---------------------------------------------------------------------+--------------------+------+----+-------------+


+------------------------------------------------------------------------------------------------------------------------------------------------------------------------------------+
; Clock Settings Summary                                                                                                                                                             ;
+-----------------+--------------------+----------+------------------+---------------+--------------+----------+-----------------------+---------------------+--------+--------------+
; Clock Node Name ; Clock Setting Name ; Type     ; Fmax Requirement ; Early Latency ; Late Latency ; Based on ; Multiply Base Fmax by ; Divide Base Fmax by ; Offset ; Phase offset ;
+-----------------+--------------------+----------+------------------+---------------+--------------+----------+-----------------------+---------------------+--------+--------------+
; CLOCK           ;                    ; User Pin ; None             ; 0.000 ns      ; 0.000 ns     ; --       ; N/A                   ; N/A                 ; N/A    ;              ;
+-----------------+--------------------+----------+------------------+---------------+--------------+----------+-----------------------+---------------------+--------+--------------+


Parallel compilation was disabled, but you have multiple processors available. Enable parallel compilation to reduce compilation time.
+-------------------------------------+
; Parallel Compilation                ;
+----------------------------+--------+
; Processors                 ; Number ;
+----------------------------+--------+
; Number detected on machine ; 4      ;
; Maximum allowed            ; 1      ;
+----------------------------+--------+


+--------------------------------------------------------------------------------------------------------------------------------------------------------------------------------------------+
; Clock Setup: 'CLOCK'                                                                                                                                                                       ;
+-------+------------------------------------------------+-----------+-----------+------------+----------+-----------------------------+---------------------------+-------------------------+
; Slack ; Actual fmax (period)                           ; From      ; To        ; From Clock ; To Clock ; Required Setup Relationship ; Required Longest P2P Time ; Actual Longest P2P Time ;
+-------+------------------------------------------------+-----------+-----------+------------+----------+-----------------------------+---------------------------+-------------------------+
; N/A   ; Restricted to 420.17 MHz ( period = 2.380 ns ) ; Q[2]~reg0 ; Q[3]~reg0 ; CLOCK      ; CLOCK    ; None                        ; None                      ; 1.029 ns                ;
; N/A   ; Restricted to 420.17 MHz ( period = 2.380 ns ) ; Q[0]~reg0 ; Q[2]~reg0 ; CLOCK      ; CLOCK    ; None                        ; None                      ; 0.831 ns                ;
; N/A   ; Restricted to 420.17 MHz ( period = 2.380 ns ) ; Q[0]~reg0 ; Q[3]~reg0 ; CLOCK      ; CLOCK    ; None                        ; None                      ; 0.826 ns                ;
; N/A   ; Restricted to 420.17 MHz ( period = 2.380 ns ) ; Q[0]~reg0 ; Q[1]~reg0 ; CLOCK      ; CLOCK    ; None                        ; None                      ; 0.558 ns                ;
; N/A   ; Restricted to 420.17 MHz ( period = 2.380 ns ) ; Q[1]~reg0 ; Q[3]~reg0 ; CLOCK      ; CLOCK    ; None                        ; None                      ; 0.548 ns                ;
; N/A   ; Restricted to 420.17 MHz ( period = 2.380 ns ) ; Q[1]~reg0 ; Q[2]~reg0 ; CLOCK      ; CLOCK    ; None                        ; None                      ; 0.546 ns                ;
; N/A   ; Restricted to 420.17 MHz ( period = 2.380 ns ) ; Q[0]~reg0 ; Q[0]~reg0 ; CLOCK      ; CLOCK    ; None                        ; None                      ; 0.407 ns                ;
; N/A   ; Restricted to 420.17 MHz ( period = 2.380 ns ) ; Q[1]~reg0 ; Q[1]~reg0 ; CLOCK      ; CLOCK    ; None                        ; None                      ; 0.407 ns                ;
; N/A   ; Restricted to 420.17 MHz ( period = 2.380 ns ) ; Q[2]~reg0 ; Q[2]~reg0 ; CLOCK      ; CLOCK    ; None                        ; None                      ; 0.407 ns                ;
; N/A   ; Restricted to 420.17 MHz ( period = 2.380 ns ) ; Q[3]~reg0 ; Q[3]~reg0 ; CLOCK      ; CLOCK    ; None                        ; None                      ; 0.407 ns                ;
+-------+------------------------------------------------+-----------+-----------+------------+----------+-----------------------------+---------------------------+-------------------------+


+-------------------------------------------------------------------+
; tco                                                               ;
+-------+--------------+------------+-----------+------+------------+
; Slack ; Required tco ; Actual tco ; From      ; To   ; From Clock ;
+-------+--------------+------------+-----------+------+------------+
; N/A   ; None         ; 6.384 ns   ; Q[2]~reg0 ; Q[2] ; CLOCK      ;
; N/A   ; None         ; 6.379 ns   ; Q[3]~reg0 ; Q[3] ; CLOCK      ;
; N/A   ; None         ; 6.359 ns   ; Q[0]~reg0 ; Q[0] ; CLOCK      ;
; N/A   ; None         ; 6.358 ns   ; Q[1]~reg0 ; Q[1] ; CLOCK      ;
+-------+--------------+------------+-----------+------+------------+


+--------------------------+
; Timing Analyzer Messages ;
+--------------------------+
Info: *******************************************************************
Info: Running Quartus II Classic Timing Analyzer
    Info: Version 9.0 Build 235 06/17/2009 Service Pack 2 SJ Web Edition
    Info: Processing started: Fri Sep 11 11:26:01 2020
Info: Command: quartus_tan --read_settings_files=off --write_settings_files=off Compteur -c Compteur --timing_analysis_only
Warning: Found pins functioning as undefined clocks and/or memory enables
    Info: Assuming node "CLOCK" is an undefined clock
Info: Clock "CLOCK" Internal fmax is restricted to 420.17 MHz between source register "Q[2]~reg0" and destination register "Q[3]~reg0"
    Info: fmax restricted to clock pin edge rate 2.38 ns. Expand message to see actual delay path.
        Info: + Longest register to register delay is 1.029 ns
            Info: 1: + IC(0.000 ns) + CELL(0.000 ns) = 0.000 ns; Loc. = LCFF_X64_Y1_N29; Fanout = 3; REG Node = 'Q[2]~reg0'
            Info: 2: + IC(0.507 ns) + CELL(0.438 ns) = 0.945 ns; Loc. = LCCOMB_X64_Y1_N6; Fanout = 1; COMB Node = 'Add0~2'
            Info: 3: + IC(0.000 ns) + CELL(0.084 ns) = 1.029 ns; Loc. = LCFF_X64_Y1_N7; Fanout = 2; REG Node = 'Q[3]~reg0'
            Info: Total cell delay = 0.522 ns ( 50.73 % )
            Info: Total interconnect delay = 0.507 ns ( 49.27 % )
        Info: - Smallest clock skew is 0.000 ns
            Info: + Shortest clock path from clock "CLOCK" to destination register is 2.687 ns
                Info: 1: + IC(0.000 ns) + CELL(0.999 ns) = 0.999 ns; Loc. = PIN_N25; Fanout = 1; CLK Node = 'CLOCK'
                Info: 2: + IC(0.118 ns) + CELL(0.000 ns) = 1.117 ns; Loc. = CLKCTRL_G6; Fanout = 4; COMB Node = 'CLOCK~clkctrl'
                Info: 3: + IC(1.033 ns) + CELL(0.537 ns) = 2.687 ns; Loc. = LCFF_X64_Y1_N7; Fanout = 2; REG Node = 'Q[3]~reg0'
                Info: Total cell delay = 1.536 ns ( 57.16 % )
                Info: Total interconnect delay = 1.151 ns ( 42.84 % )
            Info: - Longest clock path from clock "CLOCK" to source register is 2.687 ns
                Info: 1: + IC(0.000 ns) + CELL(0.999 ns) = 0.999 ns; Loc. = PIN_N25; Fanout = 1; CLK Node = 'CLOCK'
                Info: 2: + IC(0.118 ns) + CELL(0.000 ns) = 1.117 ns; Loc. = CLKCTRL_G6; Fanout = 4; COMB Node = 'CLOCK~clkctrl'
                Info: 3: + IC(1.033 ns) + CELL(0.537 ns) = 2.687 ns; Loc. = LCFF_X64_Y1_N29; Fanout = 3; REG Node = 'Q[2]~reg0'
                Info: Total cell delay = 1.536 ns ( 57.16 % )
                Info: Total interconnect delay = 1.151 ns ( 42.84 % )
        Info: + Micro clock to output delay of source is 0.250 ns
        Info: + Micro setup delay of destination is -0.036 ns
Info: tco from clock "CLOCK" to destination pin "Q[2]" through register "Q[2]~reg0" is 6.384 ns
    Info: + Longest clock path from clock "CLOCK" to source register is 2.687 ns
        Info: 1: + IC(0.000 ns) + CELL(0.999 ns) = 0.999 ns; Loc. = PIN_N25; Fanout = 1; CLK Node = 'CLOCK'
        Info: 2: + IC(0.118 ns) + CELL(0.000 ns) = 1.117 ns; Loc. = CLKCTRL_G6; Fanout = 4; COMB Node = 'CLOCK~clkctrl'
        Info: 3: + IC(1.033 ns) + CELL(0.537 ns) = 2.687 ns; Loc. = LCFF_X64_Y1_N29; Fanout = 3; REG Node = 'Q[2]~reg0'
        Info: Total cell delay = 1.536 ns ( 57.16 % )
        Info: Total interconnect delay = 1.151 ns ( 42.84 % )
    Info: + Micro clock to output delay of source is 0.250 ns
    Info: + Longest register to pin delay is 3.447 ns
        Info: 1: + IC(0.000 ns) + CELL(0.000 ns) = 0.000 ns; Loc. = LCFF_X64_Y1_N29; Fanout = 3; REG Node = 'Q[2]~reg0'
        Info: 2: + IC(0.629 ns) + CELL(2.818 ns) = 3.447 ns; Loc. = PIN_AF23; Fanout = 0; PIN Node = 'Q[2]'
        Info: Total cell delay = 2.818 ns ( 81.75 % )
        Info: Total interconnect delay = 0.629 ns ( 18.25 % )
Info: Quartus II Classic Timing Analyzer was successful. 0 errors, 1 warning
    Info: Peak virtual memory: 173 megabytes
    Info: Processing ended: Fri Sep 11 11:26:01 2020
    Info: Elapsed time: 00:00:00
    Info: Total CPU time (on all processors): 00:00:00


