Classic Timing Analyzer report for compteur
Fri Oct 02 09:40:55 2020
Quartus II Version 9.0 Build 235 06/17/2009 Service Pack 2 SJ Web Edition


---------------------
; Table of Contents ;
---------------------
  1. Legal Notice
  2. Timing Analyzer Summary
  3. Timing Analyzer Settings
  4. Clock Settings Summary
  5. Parallel Compilation
  6. Clock Setup: 'f_anemo'
  7. tsu
  8. tco
  9. th
 10. Timing Analyzer Messages



----------------
; Legal Notice ;
----------------
Copyright (C) 1991-2009 Altera Corporation
Your use of Altera Corporation's design tools, logic functions 
and other software and tools, and its AMPP partner logic 
functions, and any output files from any of the foregoing 
(including device programming or simulation files), and any 
associated documentation or information are expressly subject 
to the terms and conditions of the Altera Program License 
Subscription Agreement, Altera MegaCore Function License 
Agreement, or other applicable license agreement, including, 
without limitation, that your use is for the sole purpose of 
programming logic devices manufactured by Altera and sold by 
Altera or its authorized distributors.  Please refer to the 
applicable agreement for further details.



+----------------------------------------------------------------------------------------------------------------------------------------------------------------------+
; Timing Analyzer Summary                                                                                                                                              ;
+------------------------------+-------+---------------+------------------------------------------------+----------+------------+------------+----------+--------------+
; Type                         ; Slack ; Required Time ; Actual Time                                    ; From     ; To         ; From Clock ; To Clock ; Failed Paths ;
+------------------------------+-------+---------------+------------------------------------------------+----------+------------+------------+----------+--------------+
; Worst-case tsu               ; N/A   ; None          ; 1.112 ns                                       ; gene_1hz ; count[7]   ; --         ; f_anemo  ; 0            ;
; Worst-case tco               ; N/A   ; None          ; 6.384 ns                                       ; count[7] ; Data_in[7] ; f_anemo    ; --       ; 0            ;
; Worst-case th                ; N/A   ; None          ; -0.882 ns                                      ; gene_1hz ; count[7]   ; --         ; f_anemo  ; 0            ;
; Clock Setup: 'f_anemo'       ; N/A   ; None          ; Restricted to 420.17 MHz ( period = 2.380 ns ) ; count[0] ; count[7]   ; f_anemo    ; f_anemo  ; 0            ;
; Total number of failed paths ;       ;               ;                                                ;          ;            ;            ;          ; 0            ;
+------------------------------+-------+---------------+------------------------------------------------+----------+------------+------------+----------+--------------+


+--------------------------------------------------------------------------------------------------------------------+
; Timing Analyzer Settings                                                                                           ;
+---------------------------------------------------------------------+--------------------+------+----+-------------+
; Option                                                              ; Setting            ; From ; To ; Entity Name ;
+---------------------------------------------------------------------+--------------------+------+----+-------------+
; Device Name                                                         ; EP2C35F672C6       ;      ;    ;             ;
; Timing Models                                                       ; Final              ;      ;    ;             ;
; Default hold multicycle                                             ; Same as Multicycle ;      ;    ;             ;
; Cut paths between unrelated clock domains                           ; On                 ;      ;    ;             ;
; Cut off read during write signal paths                              ; On                 ;      ;    ;             ;
; Cut off feedback from I/O pins                                      ; On                 ;      ;    ;             ;
; Report Combined Fast/Slow Timing                                    ; Off                ;      ;    ;             ;
; Ignore Clock Settings                                               ; Off                ;      ;    ;             ;
; Analyze latches as synchronous elements                             ; On                 ;      ;    ;             ;
; Enable Recovery/Removal analysis                                    ; Off                ;      ;    ;             ;
; Enable Clock Latency                                                ; Off                ;      ;    ;             ;
; Use TimeQuest Timing Analyzer                                       ; Off                ;      ;    ;             ;
; Minimum Core Junction Temperature                                   ; 0                  ;      ;    ;             ;
; Maximum Core Junction Temperature                                   ; 85                 ;      ;    ;             ;
; Number of source nodes to report per destination node               ; 10                 ;      ;    ;             ;
; Number of destination nodes to report                               ; 10                 ;      ;    ;             ;
; Number of paths to report                                           ; 200                ;      ;    ;             ;
; Report Minimum Timing Checks                                        ; Off                ;      ;    ;             ;
; Use Fast Timing Models                                              ; Off                ;      ;    ;             ;
; Report IO Paths Separately                                          ; Off                ;      ;    ;             ;
; Perform Multicorner Analysis                                        ; On                 ;      ;    ;             ;
; Reports the worst-case path for each clock domain and analysis      ; Off                ;      ;    ;             ;
; Removes common clock path pessimism (CCPP) during slack computation ; Off                ;      ;    ;             ;
; Output I/O Timing Endpoint                                          ; Near End           ;      ;    ;             ;
+---------------------------------------------------------------------+--------------------+------+----+-------------+


+------------------------------------------------------------------------------------------------------------------------------------------------------------------------------------+
; Clock Settings Summary                                                                                                                                                             ;
+-----------------+--------------------+----------+------------------+---------------+--------------+----------+-----------------------+---------------------+--------+--------------+
; Clock Node Name ; Clock Setting Name ; Type     ; Fmax Requirement ; Early Latency ; Late Latency ; Based on ; Multiply Base Fmax by ; Divide Base Fmax by ; Offset ; Phase offset ;
+-----------------+--------------------+----------+------------------+---------------+--------------+----------+-----------------------+---------------------+--------+--------------+
; f_anemo         ;                    ; User Pin ; None             ; 0.000 ns      ; 0.000 ns     ; --       ; N/A                   ; N/A                 ; N/A    ;              ;
+-----------------+--------------------+----------+------------------+---------------+--------------+----------+-----------------------+---------------------+--------+--------------+


Parallel compilation was disabled, but you have multiple processors available. Enable parallel compilation to reduce compilation time.
+-------------------------------------+
; Parallel Compilation                ;
+----------------------------+--------+
; Processors                 ; Number ;
+----------------------------+--------+
; Number detected on machine ; 4      ;
; Maximum allowed            ; 1      ;
+----------------------------+--------+


+------------------------------------------------------------------------------------------------------------------------------------------------------------------------------------------+
; Clock Setup: 'f_anemo'                                                                                                                                                                   ;
+-------+------------------------------------------------+----------+----------+------------+----------+-----------------------------+---------------------------+-------------------------+
; Slack ; Actual fmax (period)                           ; From     ; To       ; From Clock ; To Clock ; Required Setup Relationship ; Required Longest P2P Time ; Actual Longest P2P Time ;
+-------+------------------------------------------------+----------+----------+------------+----------+-----------------------------+---------------------------+-------------------------+
; N/A   ; Restricted to 420.17 MHz ( period = 2.380 ns ) ; count[0] ; count[7] ; f_anemo    ; f_anemo  ; None                        ; None                      ; 1.754 ns                ;
; N/A   ; Restricted to 420.17 MHz ( period = 2.380 ns ) ; count[0] ; count[6] ; f_anemo    ; f_anemo  ; None                        ; None                      ; 1.683 ns                ;
; N/A   ; Restricted to 420.17 MHz ( period = 2.380 ns ) ; count[1] ; count[7] ; f_anemo    ; f_anemo  ; None                        ; None                      ; 1.644 ns                ;
; N/A   ; Restricted to 420.17 MHz ( period = 2.380 ns ) ; count[2] ; count[7] ; f_anemo    ; f_anemo  ; None                        ; None                      ; 1.613 ns                ;
; N/A   ; Restricted to 420.17 MHz ( period = 2.380 ns ) ; count[0] ; count[5] ; f_anemo    ; f_anemo  ; None                        ; None                      ; 1.612 ns                ;
; N/A   ; Restricted to 420.17 MHz ( period = 2.380 ns ) ; count[1] ; count[6] ; f_anemo    ; f_anemo  ; None                        ; None                      ; 1.573 ns                ;
; N/A   ; Restricted to 420.17 MHz ( period = 2.380 ns ) ; count[2] ; count[6] ; f_anemo    ; f_anemo  ; None                        ; None                      ; 1.542 ns                ;
; N/A   ; Restricted to 420.17 MHz ( period = 2.380 ns ) ; count[3] ; count[7] ; f_anemo    ; f_anemo  ; None                        ; None                      ; 1.542 ns                ;
; N/A   ; Restricted to 420.17 MHz ( period = 2.380 ns ) ; count[1] ; count[5] ; f_anemo    ; f_anemo  ; None                        ; None                      ; 1.502 ns                ;
; N/A   ; Restricted to 420.17 MHz ( period = 2.380 ns ) ; count[2] ; count[5] ; f_anemo    ; f_anemo  ; None                        ; None                      ; 1.471 ns                ;
; N/A   ; Restricted to 420.17 MHz ( period = 2.380 ns ) ; count[3] ; count[6] ; f_anemo    ; f_anemo  ; None                        ; None                      ; 1.471 ns                ;
; N/A   ; Restricted to 420.17 MHz ( period = 2.380 ns ) ; count[0] ; count[4] ; f_anemo    ; f_anemo  ; None                        ; None                      ; 1.453 ns                ;
; N/A   ; Restricted to 420.17 MHz ( period = 2.380 ns ) ; count[4] ; count[7] ; f_anemo    ; f_anemo  ; None                        ; None                      ; 1.435 ns                ;
; N/A   ; Restricted to 420.17 MHz ( period = 2.380 ns ) ; count[3] ; count[5] ; f_anemo    ; f_anemo  ; None                        ; None                      ; 1.400 ns                ;
; N/A   ; Restricted to 420.17 MHz ( period = 2.380 ns ) ; count[0] ; count[3] ; f_anemo    ; f_anemo  ; None                        ; None                      ; 1.382 ns                ;
; N/A   ; Restricted to 420.17 MHz ( period = 2.380 ns ) ; count[4] ; count[6] ; f_anemo    ; f_anemo  ; None                        ; None                      ; 1.364 ns                ;
; N/A   ; Restricted to 420.17 MHz ( period = 2.380 ns ) ; count[1] ; count[4] ; f_anemo    ; f_anemo  ; None                        ; None                      ; 1.343 ns                ;
; N/A   ; Restricted to 420.17 MHz ( period = 2.380 ns ) ; count[2] ; count[4] ; f_anemo    ; f_anemo  ; None                        ; None                      ; 1.312 ns                ;
; N/A   ; Restricted to 420.17 MHz ( period = 2.380 ns ) ; count[0] ; count[2] ; f_anemo    ; f_anemo  ; None                        ; None                      ; 1.311 ns                ;
; N/A   ; Restricted to 420.17 MHz ( period = 2.380 ns ) ; count[5] ; count[7] ; f_anemo    ; f_anemo  ; None                        ; None                      ; 1.308 ns                ;
; N/A   ; Restricted to 420.17 MHz ( period = 2.380 ns ) ; count[4] ; count[5] ; f_anemo    ; f_anemo  ; None                        ; None                      ; 1.293 ns                ;
; N/A   ; Restricted to 420.17 MHz ( period = 2.380 ns ) ; count[1] ; count[3] ; f_anemo    ; f_anemo  ; None                        ; None                      ; 1.272 ns                ;
; N/A   ; Restricted to 420.17 MHz ( period = 2.380 ns ) ; count[2] ; count[3] ; f_anemo    ; f_anemo  ; None                        ; None                      ; 1.241 ns                ;
; N/A   ; Restricted to 420.17 MHz ( period = 2.380 ns ) ; count[3] ; count[4] ; f_anemo    ; f_anemo  ; None                        ; None                      ; 1.241 ns                ;
; N/A   ; Restricted to 420.17 MHz ( period = 2.380 ns ) ; count[0] ; count[1] ; f_anemo    ; f_anemo  ; None                        ; None                      ; 1.240 ns                ;
; N/A   ; Restricted to 420.17 MHz ( period = 2.380 ns ) ; count[5] ; count[6] ; f_anemo    ; f_anemo  ; None                        ; None                      ; 1.237 ns                ;
; N/A   ; Restricted to 420.17 MHz ( period = 2.380 ns ) ; count[1] ; count[2] ; f_anemo    ; f_anemo  ; None                        ; None                      ; 1.201 ns                ;
; N/A   ; Restricted to 420.17 MHz ( period = 2.380 ns ) ; count[6] ; count[7] ; f_anemo    ; f_anemo  ; None                        ; None                      ; 1.194 ns                ;
; N/A   ; Restricted to 420.17 MHz ( period = 2.380 ns ) ; count[2] ; count[2] ; f_anemo    ; f_anemo  ; None                        ; None                      ; 0.855 ns                ;
; N/A   ; Restricted to 420.17 MHz ( period = 2.380 ns ) ; count[3] ; count[3] ; f_anemo    ; f_anemo  ; None                        ; None                      ; 0.855 ns                ;
; N/A   ; Restricted to 420.17 MHz ( period = 2.380 ns ) ; count[0] ; count[0] ; f_anemo    ; f_anemo  ; None                        ; None                      ; 0.854 ns                ;
; N/A   ; Restricted to 420.17 MHz ( period = 2.380 ns ) ; count[5] ; count[5] ; f_anemo    ; f_anemo  ; None                        ; None                      ; 0.851 ns                ;
; N/A   ; Restricted to 420.17 MHz ( period = 2.380 ns ) ; count[7] ; count[7] ; f_anemo    ; f_anemo  ; None                        ; None                      ; 0.851 ns                ;
; N/A   ; Restricted to 420.17 MHz ( period = 2.380 ns ) ; count[1] ; count[1] ; f_anemo    ; f_anemo  ; None                        ; None                      ; 0.818 ns                ;
; N/A   ; Restricted to 420.17 MHz ( period = 2.380 ns ) ; count[4] ; count[4] ; f_anemo    ; f_anemo  ; None                        ; None                      ; 0.818 ns                ;
; N/A   ; Restricted to 420.17 MHz ( period = 2.380 ns ) ; count[6] ; count[6] ; f_anemo    ; f_anemo  ; None                        ; None                      ; 0.811 ns                ;
+-------+------------------------------------------------+----------+----------+------------+----------+-----------------------------+---------------------------+-------------------------+


+--------------------------------------------------------------------+
; tsu                                                                ;
+-------+--------------+------------+----------+----------+----------+
; Slack ; Required tsu ; Actual tsu ; From     ; To       ; To Clock ;
+-------+--------------+------------+----------+----------+----------+
; N/A   ; None         ; 1.112 ns   ; gene_1hz ; count[0] ; f_anemo  ;
; N/A   ; None         ; 1.112 ns   ; gene_1hz ; count[1] ; f_anemo  ;
; N/A   ; None         ; 1.112 ns   ; gene_1hz ; count[2] ; f_anemo  ;
; N/A   ; None         ; 1.112 ns   ; gene_1hz ; count[3] ; f_anemo  ;
; N/A   ; None         ; 1.112 ns   ; gene_1hz ; count[4] ; f_anemo  ;
; N/A   ; None         ; 1.112 ns   ; gene_1hz ; count[5] ; f_anemo  ;
; N/A   ; None         ; 1.112 ns   ; gene_1hz ; count[6] ; f_anemo  ;
; N/A   ; None         ; 1.112 ns   ; gene_1hz ; count[7] ; f_anemo  ;
+-------+--------------+------------+----------+----------+----------+


+------------------------------------------------------------------------+
; tco                                                                    ;
+-------+--------------+------------+----------+------------+------------+
; Slack ; Required tco ; Actual tco ; From     ; To         ; From Clock ;
+-------+--------------+------------+----------+------------+------------+
; N/A   ; None         ; 6.384 ns   ; count[7] ; Data_in[7] ; f_anemo    ;
; N/A   ; None         ; 6.360 ns   ; count[4] ; Data_in[4] ; f_anemo    ;
; N/A   ; None         ; 6.341 ns   ; count[0] ; Data_in[0] ; f_anemo    ;
; N/A   ; None         ; 6.339 ns   ; count[2] ; Data_in[2] ; f_anemo    ;
; N/A   ; None         ; 6.070 ns   ; count[6] ; Data_in[6] ; f_anemo    ;
; N/A   ; None         ; 6.067 ns   ; count[3] ; Data_in[3] ; f_anemo    ;
; N/A   ; None         ; 6.060 ns   ; count[5] ; Data_in[5] ; f_anemo    ;
; N/A   ; None         ; 6.048 ns   ; count[1] ; Data_in[1] ; f_anemo    ;
+-------+--------------+------------+----------+------------+------------+


+--------------------------------------------------------------------------+
; th                                                                       ;
+---------------+-------------+-----------+----------+----------+----------+
; Minimum Slack ; Required th ; Actual th ; From     ; To       ; To Clock ;
+---------------+-------------+-----------+----------+----------+----------+
; N/A           ; None        ; -0.882 ns ; gene_1hz ; count[0] ; f_anemo  ;
; N/A           ; None        ; -0.882 ns ; gene_1hz ; count[1] ; f_anemo  ;
; N/A           ; None        ; -0.882 ns ; gene_1hz ; count[2] ; f_anemo  ;
; N/A           ; None        ; -0.882 ns ; gene_1hz ; count[3] ; f_anemo  ;
; N/A           ; None        ; -0.882 ns ; gene_1hz ; count[4] ; f_anemo  ;
; N/A           ; None        ; -0.882 ns ; gene_1hz ; count[5] ; f_anemo  ;
; N/A           ; None        ; -0.882 ns ; gene_1hz ; count[6] ; f_anemo  ;
; N/A           ; None        ; -0.882 ns ; gene_1hz ; count[7] ; f_anemo  ;
+---------------+-------------+-----------+----------+----------+----------+


+--------------------------+
; Timing Analyzer Messages ;
+--------------------------+
Info: *******************************************************************
Info: Running Quartus II Classic Timing Analyzer
    Info: Version 9.0 Build 235 06/17/2009 Service Pack 2 SJ Web Edition
    Info: Processing started: Fri Oct 02 09:40:55 2020
Info: Command: quartus_tan --read_settings_files=off --write_settings_files=off compteur -c compteur --timing_analysis_only
Warning: Found pins functioning as undefined clocks and/or memory enables
    Info: Assuming node "f_anemo" is an undefined clock
Info: Clock "f_anemo" Internal fmax is restricted to 420.17 MHz between source register "count[0]" and destination register "count[7]"
    Info: fmax restricted to clock pin edge rate 2.38 ns. Expand message to see actual delay path.
        Info: + Longest register to register delay is 1.754 ns
            Info: 1: + IC(0.000 ns) + CELL(0.000 ns) = 0.000 ns; Loc. = LCFF_X1_Y12_N7; Fanout = 3; REG Node = 'count[0]'
            Info: 2: + IC(0.332 ns) + CELL(0.414 ns) = 0.746 ns; Loc. = LCCOMB_X1_Y12_N6; Fanout = 2; COMB Node = 'count[0]~17'
            Info: 3: + IC(0.000 ns) + CELL(0.071 ns) = 0.817 ns; Loc. = LCCOMB_X1_Y12_N8; Fanout = 2; COMB Node = 'count[1]~19'
            Info: 4: + IC(0.000 ns) + CELL(0.071 ns) = 0.888 ns; Loc. = LCCOMB_X1_Y12_N10; Fanout = 2; COMB Node = 'count[2]~21'
            Info: 5: + IC(0.000 ns) + CELL(0.071 ns) = 0.959 ns; Loc. = LCCOMB_X1_Y12_N12; Fanout = 2; COMB Node = 'count[3]~23'
            Info: 6: + IC(0.000 ns) + CELL(0.159 ns) = 1.118 ns; Loc. = LCCOMB_X1_Y12_N14; Fanout = 2; COMB Node = 'count[4]~25'
            Info: 7: + IC(0.000 ns) + CELL(0.071 ns) = 1.189 ns; Loc. = LCCOMB_X1_Y12_N16; Fanout = 2; COMB Node = 'count[5]~27'
            Info: 8: + IC(0.000 ns) + CELL(0.071 ns) = 1.260 ns; Loc. = LCCOMB_X1_Y12_N18; Fanout = 1; COMB Node = 'count[6]~29'
            Info: 9: + IC(0.000 ns) + CELL(0.410 ns) = 1.670 ns; Loc. = LCCOMB_X1_Y12_N20; Fanout = 1; COMB Node = 'count[7]~30'
            Info: 10: + IC(0.000 ns) + CELL(0.084 ns) = 1.754 ns; Loc. = LCFF_X1_Y12_N21; Fanout = 2; REG Node = 'count[7]'
            Info: Total cell delay = 1.422 ns ( 81.07 % )
            Info: Total interconnect delay = 0.332 ns ( 18.93 % )
        Info: - Smallest clock skew is 0.000 ns
            Info: + Shortest clock path from clock "f_anemo" to destination register is 2.654 ns
                Info: 1: + IC(0.000 ns) + CELL(0.999 ns) = 0.999 ns; Loc. = PIN_P2; Fanout = 1; CLK Node = 'f_anemo'
                Info: 2: + IC(0.118 ns) + CELL(0.000 ns) = 1.117 ns; Loc. = CLKCTRL_G3; Fanout = 8; COMB Node = 'f_anemo~clkctrl'
                Info: 3: + IC(1.000 ns) + CELL(0.537 ns) = 2.654 ns; Loc. = LCFF_X1_Y12_N21; Fanout = 2; REG Node = 'count[7]'
                Info: Total cell delay = 1.536 ns ( 57.87 % )
                Info: Total interconnect delay = 1.118 ns ( 42.13 % )
            Info: - Longest clock path from clock "f_anemo" to source register is 2.654 ns
                Info: 1: + IC(0.000 ns) + CELL(0.999 ns) = 0.999 ns; Loc. = PIN_P2; Fanout = 1; CLK Node = 'f_anemo'
                Info: 2: + IC(0.118 ns) + CELL(0.000 ns) = 1.117 ns; Loc. = CLKCTRL_G3; Fanout = 8; COMB Node = 'f_anemo~clkctrl'
                Info: 3: + IC(1.000 ns) + CELL(0.537 ns) = 2.654 ns; Loc. = LCFF_X1_Y12_N7; Fanout = 3; REG Node = 'count[0]'
                Info: Total cell delay = 1.536 ns ( 57.87 % )
                Info: Total interconnect delay = 1.118 ns ( 42.13 % )
        Info: + Micro clock to output delay of source is 0.250 ns
        Info: + Micro setup delay of destination is -0.036 ns
Info: tsu for register "count[0]" (data pin = "gene_1hz", clock pin = "f_anemo") is 1.112 ns
    Info: + Longest pin to register delay is 3.802 ns
        Info: 1: + IC(0.000 ns) + CELL(0.979 ns) = 0.979 ns; Loc. = PIN_C13; Fanout = 8; PIN Node = 'gene_1hz'
        Info: 2: + IC(2.313 ns) + CELL(0.510 ns) = 3.802 ns; Loc. = LCFF_X1_Y12_N7; Fanout = 3; REG Node = 'count[0]'
        Info: Total cell delay = 1.489 ns ( 39.16 % )
        Info: Total interconnect delay = 2.313 ns ( 60.84 % )
    Info: + Micro setup delay of destination is -0.036 ns
    Info: - Shortest clock path from clock "f_anemo" to destination register is 2.654 ns
        Info: 1: + IC(0.000 ns) + CELL(0.999 ns) = 0.999 ns; Loc. = PIN_P2; Fanout = 1; CLK Node = 'f_anemo'
        Info: 2: + IC(0.118 ns) + CELL(0.000 ns) = 1.117 ns; Loc. = CLKCTRL_G3; Fanout = 8; COMB Node = 'f_anemo~clkctrl'
        Info: 3: + IC(1.000 ns) + CELL(0.537 ns) = 2.654 ns; Loc. = LCFF_X1_Y12_N7; Fanout = 3; REG Node = 'count[0]'
        Info: Total cell delay = 1.536 ns ( 57.87 % )
        Info: Total interconnect delay = 1.118 ns ( 42.13 % )
Info: tco from clock "f_anemo" to destination pin "Data_in[7]" through register "count[7]" is 6.384 ns
    Info: + Longest clock path from clock "f_anemo" to source register is 2.654 ns
        Info: 1: + IC(0.000 ns) + CELL(0.999 ns) = 0.999 ns; Loc. = PIN_P2; Fanout = 1; CLK Node = 'f_anemo'
        Info: 2: + IC(0.118 ns) + CELL(0.000 ns) = 1.117 ns; Loc. = CLKCTRL_G3; Fanout = 8; COMB Node = 'f_anemo~clkctrl'
        Info: 3: + IC(1.000 ns) + CELL(0.537 ns) = 2.654 ns; Loc. = LCFF_X1_Y12_N21; Fanout = 2; REG Node = 'count[7]'
        Info: Total cell delay = 1.536 ns ( 57.87 % )
        Info: Total interconnect delay = 1.118 ns ( 42.13 % )
    Info: + Micro clock to output delay of source is 0.250 ns
    Info: + Longest register to pin delay is 3.480 ns
        Info: 1: + IC(0.000 ns) + CELL(0.000 ns) = 0.000 ns; Loc. = LCFF_X1_Y12_N21; Fanout = 2; REG Node = 'count[7]'
        Info: 2: + IC(0.818 ns) + CELL(2.662 ns) = 3.480 ns; Loc. = PIN_W1; Fanout = 0; PIN Node = 'Data_in[7]'
        Info: Total cell delay = 2.662 ns ( 76.49 % )
        Info: Total interconnect delay = 0.818 ns ( 23.51 % )
Info: th for register "count[0]" (data pin = "gene_1hz", clock pin = "f_anemo") is -0.882 ns
    Info: + Longest clock path from clock "f_anemo" to destination register is 2.654 ns
        Info: 1: + IC(0.000 ns) + CELL(0.999 ns) = 0.999 ns; Loc. = PIN_P2; Fanout = 1; CLK Node = 'f_anemo'
        Info: 2: + IC(0.118 ns) + CELL(0.000 ns) = 1.117 ns; Loc. = CLKCTRL_G3; Fanout = 8; COMB Node = 'f_anemo~clkctrl'
        Info: 3: + IC(1.000 ns) + CELL(0.537 ns) = 2.654 ns; Loc. = LCFF_X1_Y12_N7; Fanout = 3; REG Node = 'count[0]'
        Info: Total cell delay = 1.536 ns ( 57.87 % )
        Info: Total interconnect delay = 1.118 ns ( 42.13 % )
    Info: + Micro hold delay of destination is 0.266 ns
    Info: - Shortest pin to register delay is 3.802 ns
        Info: 1: + IC(0.000 ns) + CELL(0.979 ns) = 0.979 ns; Loc. = PIN_C13; Fanout = 8; PIN Node = 'gene_1hz'
        Info: 2: + IC(2.313 ns) + CELL(0.510 ns) = 3.802 ns; Loc. = LCFF_X1_Y12_N7; Fanout = 3; REG Node = 'count[0]'
        Info: Total cell delay = 1.489 ns ( 39.16 % )
        Info: Total interconnect delay = 2.313 ns ( 60.84 % )
Info: Quartus II Classic Timing Analyzer was successful. 0 errors, 1 warning
    Info: Peak virtual memory: 173 megabytes
    Info: Processing ended: Fri Oct 02 09:40:55 2020
    Info: Elapsed time: 00:00:00
    Info: Total CPU time (on all processors): 00:00:00


