Classic Timing Analyzer report for HZ_Gen
Tue Sep 24 08:35:58 2019
Quartus II Version 9.0 Build 235 06/17/2009 Service Pack 2 SJ Web Edition


---------------------
; Table of Contents ;
---------------------
  1. Legal Notice
  2. Timing Analyzer Summary
  3. Timing Analyzer Settings
  4. Clock Settings Summary
  5. Parallel Compilation
  6. Clock Setup: 'clk'
  7. tco
  8. Timing Analyzer Messages



----------------
; Legal Notice ;
----------------
Copyright (C) 1991-2009 Altera Corporation
Your use of Altera Corporation's design tools, logic functions 
and other software and tools, and its AMPP partner logic 
functions, and any output files from any of the foregoing 
(including device programming or simulation files), and any 
associated documentation or information are expressly subject 
to the terms and conditions of the Altera Program License 
Subscription Agreement, Altera MegaCore Function License 
Agreement, or other applicable license agreement, including, 
without limitation, that your use is for the sole purpose of 
programming logic devices manufactured by Altera and sold by 
Altera or its authorized distributors.  Please refer to the 
applicable agreement for further details.



+------------------------------------------------------------------------------------------------------------------------------------------------------------------------+
; Timing Analyzer Summary                                                                                                                                                ;
+------------------------------+-------+---------------+------------------------------------------------+------------+------------+------------+----------+--------------+
; Type                         ; Slack ; Required Time ; Actual Time                                    ; From       ; To         ; From Clock ; To Clock ; Failed Paths ;
+------------------------------+-------+---------------+------------------------------------------------+------------+------------+------------+----------+--------------+
; Worst-case tco               ; N/A   ; None          ; 6.063 ns                                       ; status     ; f_out      ; clk        ; --       ; 0            ;
; Clock Setup: 'clk'           ; N/A   ; None          ; Restricted to 420.17 MHz ( period = 2.380 ns ) ; counter[2] ; counter[0] ; clk        ; clk      ; 0            ;
; Total number of failed paths ;       ;               ;                                                ;            ;            ;            ;          ; 0            ;
+------------------------------+-------+---------------+------------------------------------------------+------------+------------+------------+----------+--------------+


+--------------------------------------------------------------------------------------------------------------------+
; Timing Analyzer Settings                                                                                           ;
+---------------------------------------------------------------------+--------------------+------+----+-------------+
; Option                                                              ; Setting            ; From ; To ; Entity Name ;
+---------------------------------------------------------------------+--------------------+------+----+-------------+
; Device Name                                                         ; EP2C35F672C6       ;      ;    ;             ;
; Timing Models                                                       ; Final              ;      ;    ;             ;
; Default hold multicycle                                             ; Same as Multicycle ;      ;    ;             ;
; Cut paths between unrelated clock domains                           ; On                 ;      ;    ;             ;
; Cut off read during write signal paths                              ; On                 ;      ;    ;             ;
; Cut off feedback from I/O pins                                      ; On                 ;      ;    ;             ;
; Report Combined Fast/Slow Timing                                    ; Off                ;      ;    ;             ;
; Ignore Clock Settings                                               ; Off                ;      ;    ;             ;
; Analyze latches as synchronous elements                             ; On                 ;      ;    ;             ;
; Enable Recovery/Removal analysis                                    ; Off                ;      ;    ;             ;
; Enable Clock Latency                                                ; Off                ;      ;    ;             ;
; Use TimeQuest Timing Analyzer                                       ; Off                ;      ;    ;             ;
; Minimum Core Junction Temperature                                   ; 0                  ;      ;    ;             ;
; Maximum Core Junction Temperature                                   ; 85                 ;      ;    ;             ;
; Number of source nodes to report per destination node               ; 10                 ;      ;    ;             ;
; Number of destination nodes to report                               ; 10                 ;      ;    ;             ;
; Number of paths to report                                           ; 200                ;      ;    ;             ;
; Report Minimum Timing Checks                                        ; Off                ;      ;    ;             ;
; Use Fast Timing Models                                              ; Off                ;      ;    ;             ;
; Report IO Paths Separately                                          ; Off                ;      ;    ;             ;
; Perform Multicorner Analysis                                        ; On                 ;      ;    ;             ;
; Reports the worst-case path for each clock domain and analysis      ; Off                ;      ;    ;             ;
; Removes common clock path pessimism (CCPP) during slack computation ; Off                ;      ;    ;             ;
; Output I/O Timing Endpoint                                          ; Near End           ;      ;    ;             ;
+---------------------------------------------------------------------+--------------------+------+----+-------------+


+------------------------------------------------------------------------------------------------------------------------------------------------------------------------------------+
; Clock Settings Summary                                                                                                                                                             ;
+-----------------+--------------------+----------+------------------+---------------+--------------+----------+-----------------------+---------------------+--------+--------------+
; Clock Node Name ; Clock Setting Name ; Type     ; Fmax Requirement ; Early Latency ; Late Latency ; Based on ; Multiply Base Fmax by ; Divide Base Fmax by ; Offset ; Phase offset ;
+-----------------+--------------------+----------+------------------+---------------+--------------+----------+-----------------------+---------------------+--------+--------------+
; clk             ;                    ; User Pin ; None             ; 0.000 ns      ; 0.000 ns     ; --       ; N/A                   ; N/A                 ; N/A    ;              ;
+-----------------+--------------------+----------+------------------+---------------+--------------+----------+-----------------------+---------------------+--------+--------------+


Parallel compilation was disabled, but you have multiple processors available. Enable parallel compilation to reduce compilation time.
+-------------------------------------+
; Parallel Compilation                ;
+----------------------------+--------+
; Processors                 ; Number ;
+----------------------------+--------+
; Number detected on machine ; 4      ;
; Maximum allowed            ; 1      ;
+----------------------------+--------+


+----------------------------------------------------------------------------------------------------------------------------------------------------------------------------------------------+
; Clock Setup: 'clk'                                                                                                                                                                           ;
+-------+------------------------------------------------+------------+------------+------------+----------+-----------------------------+---------------------------+-------------------------+
; Slack ; Actual fmax (period)                           ; From       ; To         ; From Clock ; To Clock ; Required Setup Relationship ; Required Longest P2P Time ; Actual Longest P2P Time ;
+-------+------------------------------------------------+------------+------------+------------+----------+-----------------------------+---------------------------+-------------------------+
; N/A   ; Restricted to 420.17 MHz ( period = 2.380 ns ) ; counter[2] ; counter[7] ; clk        ; clk      ; None                        ; None                      ; 1.864 ns                ;
; N/A   ; Restricted to 420.17 MHz ( period = 2.380 ns ) ; counter[2] ; counter[5] ; clk        ; clk      ; None                        ; None                      ; 1.864 ns                ;
; N/A   ; Restricted to 420.17 MHz ( period = 2.380 ns ) ; counter[2] ; counter[6] ; clk        ; clk      ; None                        ; None                      ; 1.864 ns                ;
; N/A   ; Restricted to 420.17 MHz ( period = 2.380 ns ) ; counter[2] ; counter[2] ; clk        ; clk      ; None                        ; None                      ; 1.864 ns                ;
; N/A   ; Restricted to 420.17 MHz ( period = 2.380 ns ) ; counter[2] ; counter[4] ; clk        ; clk      ; None                        ; None                      ; 1.864 ns                ;
; N/A   ; Restricted to 420.17 MHz ( period = 2.380 ns ) ; counter[2] ; counter[3] ; clk        ; clk      ; None                        ; None                      ; 1.864 ns                ;
; N/A   ; Restricted to 420.17 MHz ( period = 2.380 ns ) ; counter[2] ; counter[1] ; clk        ; clk      ; None                        ; None                      ; 1.864 ns                ;
; N/A   ; Restricted to 420.17 MHz ( period = 2.380 ns ) ; counter[2] ; counter[0] ; clk        ; clk      ; None                        ; None                      ; 1.864 ns                ;
; N/A   ; Restricted to 420.17 MHz ( period = 2.380 ns ) ; counter[7] ; counter[7] ; clk        ; clk      ; None                        ; None                      ; 1.833 ns                ;
; N/A   ; Restricted to 420.17 MHz ( period = 2.380 ns ) ; counter[7] ; counter[5] ; clk        ; clk      ; None                        ; None                      ; 1.833 ns                ;
; N/A   ; Restricted to 420.17 MHz ( period = 2.380 ns ) ; counter[7] ; counter[6] ; clk        ; clk      ; None                        ; None                      ; 1.833 ns                ;
; N/A   ; Restricted to 420.17 MHz ( period = 2.380 ns ) ; counter[7] ; counter[2] ; clk        ; clk      ; None                        ; None                      ; 1.833 ns                ;
; N/A   ; Restricted to 420.17 MHz ( period = 2.380 ns ) ; counter[7] ; counter[4] ; clk        ; clk      ; None                        ; None                      ; 1.833 ns                ;
; N/A   ; Restricted to 420.17 MHz ( period = 2.380 ns ) ; counter[7] ; counter[3] ; clk        ; clk      ; None                        ; None                      ; 1.833 ns                ;
; N/A   ; Restricted to 420.17 MHz ( period = 2.380 ns ) ; counter[7] ; counter[1] ; clk        ; clk      ; None                        ; None                      ; 1.833 ns                ;
; N/A   ; Restricted to 420.17 MHz ( period = 2.380 ns ) ; counter[7] ; counter[0] ; clk        ; clk      ; None                        ; None                      ; 1.833 ns                ;
; N/A   ; Restricted to 420.17 MHz ( period = 2.380 ns ) ; counter[4] ; counter[7] ; clk        ; clk      ; None                        ; None                      ; 1.736 ns                ;
; N/A   ; Restricted to 420.17 MHz ( period = 2.380 ns ) ; counter[4] ; counter[5] ; clk        ; clk      ; None                        ; None                      ; 1.736 ns                ;
; N/A   ; Restricted to 420.17 MHz ( period = 2.380 ns ) ; counter[4] ; counter[6] ; clk        ; clk      ; None                        ; None                      ; 1.736 ns                ;
; N/A   ; Restricted to 420.17 MHz ( period = 2.380 ns ) ; counter[4] ; counter[2] ; clk        ; clk      ; None                        ; None                      ; 1.736 ns                ;
; N/A   ; Restricted to 420.17 MHz ( period = 2.380 ns ) ; counter[4] ; counter[4] ; clk        ; clk      ; None                        ; None                      ; 1.736 ns                ;
; N/A   ; Restricted to 420.17 MHz ( period = 2.380 ns ) ; counter[4] ; counter[3] ; clk        ; clk      ; None                        ; None                      ; 1.736 ns                ;
; N/A   ; Restricted to 420.17 MHz ( period = 2.380 ns ) ; counter[4] ; counter[1] ; clk        ; clk      ; None                        ; None                      ; 1.736 ns                ;
; N/A   ; Restricted to 420.17 MHz ( period = 2.380 ns ) ; counter[4] ; counter[0] ; clk        ; clk      ; None                        ; None                      ; 1.736 ns                ;
; N/A   ; Restricted to 420.17 MHz ( period = 2.380 ns ) ; counter[3] ; counter[7] ; clk        ; clk      ; None                        ; None                      ; 1.734 ns                ;
; N/A   ; Restricted to 420.17 MHz ( period = 2.380 ns ) ; counter[3] ; counter[5] ; clk        ; clk      ; None                        ; None                      ; 1.734 ns                ;
; N/A   ; Restricted to 420.17 MHz ( period = 2.380 ns ) ; counter[3] ; counter[6] ; clk        ; clk      ; None                        ; None                      ; 1.734 ns                ;
; N/A   ; Restricted to 420.17 MHz ( period = 2.380 ns ) ; counter[3] ; counter[2] ; clk        ; clk      ; None                        ; None                      ; 1.734 ns                ;
; N/A   ; Restricted to 420.17 MHz ( period = 2.380 ns ) ; counter[3] ; counter[4] ; clk        ; clk      ; None                        ; None                      ; 1.734 ns                ;
; N/A   ; Restricted to 420.17 MHz ( period = 2.380 ns ) ; counter[3] ; counter[3] ; clk        ; clk      ; None                        ; None                      ; 1.734 ns                ;
; N/A   ; Restricted to 420.17 MHz ( period = 2.380 ns ) ; counter[3] ; counter[1] ; clk        ; clk      ; None                        ; None                      ; 1.734 ns                ;
; N/A   ; Restricted to 420.17 MHz ( period = 2.380 ns ) ; counter[3] ; counter[0] ; clk        ; clk      ; None                        ; None                      ; 1.734 ns                ;
; N/A   ; Restricted to 420.17 MHz ( period = 2.380 ns ) ; counter[0] ; counter[7] ; clk        ; clk      ; None                        ; None                      ; 1.701 ns                ;
; N/A   ; Restricted to 420.17 MHz ( period = 2.380 ns ) ; counter[1] ; counter[7] ; clk        ; clk      ; None                        ; None                      ; 1.677 ns                ;
; N/A   ; Restricted to 420.17 MHz ( period = 2.380 ns ) ; counter[0] ; counter[6] ; clk        ; clk      ; None                        ; None                      ; 1.630 ns                ;
; N/A   ; Restricted to 420.17 MHz ( period = 2.380 ns ) ; counter[1] ; counter[6] ; clk        ; clk      ; None                        ; None                      ; 1.606 ns                ;
; N/A   ; Restricted to 420.17 MHz ( period = 2.380 ns ) ; counter[0] ; counter[5] ; clk        ; clk      ; None                        ; None                      ; 1.559 ns                ;
; N/A   ; Restricted to 420.17 MHz ( period = 2.380 ns ) ; counter[1] ; counter[5] ; clk        ; clk      ; None                        ; None                      ; 1.535 ns                ;
; N/A   ; Restricted to 420.17 MHz ( period = 2.380 ns ) ; counter[0] ; counter[4] ; clk        ; clk      ; None                        ; None                      ; 1.488 ns                ;
; N/A   ; Restricted to 420.17 MHz ( period = 2.380 ns ) ; counter[5] ; counter[7] ; clk        ; clk      ; None                        ; None                      ; 1.479 ns                ;
; N/A   ; Restricted to 420.17 MHz ( period = 2.380 ns ) ; counter[5] ; counter[5] ; clk        ; clk      ; None                        ; None                      ; 1.479 ns                ;
; N/A   ; Restricted to 420.17 MHz ( period = 2.380 ns ) ; counter[5] ; counter[6] ; clk        ; clk      ; None                        ; None                      ; 1.479 ns                ;
; N/A   ; Restricted to 420.17 MHz ( period = 2.380 ns ) ; counter[5] ; counter[2] ; clk        ; clk      ; None                        ; None                      ; 1.479 ns                ;
; N/A   ; Restricted to 420.17 MHz ( period = 2.380 ns ) ; counter[5] ; counter[4] ; clk        ; clk      ; None                        ; None                      ; 1.479 ns                ;
; N/A   ; Restricted to 420.17 MHz ( period = 2.380 ns ) ; counter[5] ; counter[3] ; clk        ; clk      ; None                        ; None                      ; 1.479 ns                ;
; N/A   ; Restricted to 420.17 MHz ( period = 2.380 ns ) ; counter[5] ; counter[1] ; clk        ; clk      ; None                        ; None                      ; 1.479 ns                ;
; N/A   ; Restricted to 420.17 MHz ( period = 2.380 ns ) ; counter[5] ; counter[0] ; clk        ; clk      ; None                        ; None                      ; 1.479 ns                ;
; N/A   ; Restricted to 420.17 MHz ( period = 2.380 ns ) ; counter[1] ; counter[4] ; clk        ; clk      ; None                        ; None                      ; 1.464 ns                ;
; N/A   ; Restricted to 420.17 MHz ( period = 2.380 ns ) ; counter[6] ; counter[7] ; clk        ; clk      ; None                        ; None                      ; 1.332 ns                ;
; N/A   ; Restricted to 420.17 MHz ( period = 2.380 ns ) ; counter[6] ; counter[5] ; clk        ; clk      ; None                        ; None                      ; 1.332 ns                ;
; N/A   ; Restricted to 420.17 MHz ( period = 2.380 ns ) ; counter[6] ; counter[6] ; clk        ; clk      ; None                        ; None                      ; 1.332 ns                ;
; N/A   ; Restricted to 420.17 MHz ( period = 2.380 ns ) ; counter[6] ; counter[2] ; clk        ; clk      ; None                        ; None                      ; 1.332 ns                ;
; N/A   ; Restricted to 420.17 MHz ( period = 2.380 ns ) ; counter[6] ; counter[4] ; clk        ; clk      ; None                        ; None                      ; 1.332 ns                ;
; N/A   ; Restricted to 420.17 MHz ( period = 2.380 ns ) ; counter[6] ; counter[3] ; clk        ; clk      ; None                        ; None                      ; 1.332 ns                ;
; N/A   ; Restricted to 420.17 MHz ( period = 2.380 ns ) ; counter[6] ; counter[1] ; clk        ; clk      ; None                        ; None                      ; 1.332 ns                ;
; N/A   ; Restricted to 420.17 MHz ( period = 2.380 ns ) ; counter[6] ; counter[0] ; clk        ; clk      ; None                        ; None                      ; 1.332 ns                ;
; N/A   ; Restricted to 420.17 MHz ( period = 2.380 ns ) ; counter[0] ; counter[3] ; clk        ; clk      ; None                        ; None                      ; 1.329 ns                ;
; N/A   ; Restricted to 420.17 MHz ( period = 2.380 ns ) ; counter[1] ; counter[3] ; clk        ; clk      ; None                        ; None                      ; 1.305 ns                ;
; N/A   ; Restricted to 420.17 MHz ( period = 2.380 ns ) ; counter[0] ; counter[2] ; clk        ; clk      ; None                        ; None                      ; 1.258 ns                ;
; N/A   ; Restricted to 420.17 MHz ( period = 2.380 ns ) ; counter[1] ; counter[2] ; clk        ; clk      ; None                        ; None                      ; 1.234 ns                ;
; N/A   ; Restricted to 420.17 MHz ( period = 2.380 ns ) ; counter[2] ; status     ; clk        ; clk      ; None                        ; None                      ; 1.212 ns                ;
; N/A   ; Restricted to 420.17 MHz ( period = 2.380 ns ) ; counter[0] ; counter[1] ; clk        ; clk      ; None                        ; None                      ; 1.187 ns                ;
; N/A   ; Restricted to 420.17 MHz ( period = 2.380 ns ) ; counter[7] ; status     ; clk        ; clk      ; None                        ; None                      ; 1.181 ns                ;
; N/A   ; Restricted to 420.17 MHz ( period = 2.380 ns ) ; counter[4] ; status     ; clk        ; clk      ; None                        ; None                      ; 1.084 ns                ;
; N/A   ; Restricted to 420.17 MHz ( period = 2.380 ns ) ; counter[3] ; status     ; clk        ; clk      ; None                        ; None                      ; 1.082 ns                ;
; N/A   ; Restricted to 420.17 MHz ( period = 2.380 ns ) ; counter[1] ; counter[1] ; clk        ; clk      ; None                        ; None                      ; 0.848 ns                ;
; N/A   ; Restricted to 420.17 MHz ( period = 2.380 ns ) ; counter[5] ; status     ; clk        ; clk      ; None                        ; None                      ; 0.827 ns                ;
; N/A   ; Restricted to 420.17 MHz ( period = 2.380 ns ) ; counter[0] ; counter[0] ; clk        ; clk      ; None                        ; None                      ; 0.804 ns                ;
; N/A   ; Restricted to 420.17 MHz ( period = 2.380 ns ) ; counter[6] ; status     ; clk        ; clk      ; None                        ; None                      ; 0.680 ns                ;
+-------+------------------------------------------------+------------+------------+------------+----------+-----------------------------+---------------------------+-------------------------+


+-----------------------------------------------------------------+
; tco                                                             ;
+-------+--------------+------------+--------+-------+------------+
; Slack ; Required tco ; Actual tco ; From   ; To    ; From Clock ;
+-------+--------------+------------+--------+-------+------------+
; N/A   ; None         ; 6.063 ns   ; status ; f_out ; clk        ;
+-------+--------------+------------+--------+-------+------------+


+--------------------------+
; Timing Analyzer Messages ;
+--------------------------+
Info: *******************************************************************
Info: Running Quartus II Classic Timing Analyzer
    Info: Version 9.0 Build 235 06/17/2009 Service Pack 2 SJ Web Edition
    Info: Processing started: Tue Sep 24 08:35:58 2019
Info: Command: quartus_tan --read_settings_files=off --write_settings_files=off HZ_Gen -c HZ_Gen --timing_analysis_only
Warning: Found pins functioning as undefined clocks and/or memory enables
    Info: Assuming node "clk" is an undefined clock
Info: Clock "clk" Internal fmax is restricted to 420.17 MHz between source register "counter[2]" and destination register "counter[7]"
    Info: fmax restricted to clock pin edge rate 2.38 ns. Expand message to see actual delay path.
        Info: + Longest register to register delay is 1.864 ns
            Info: 1: + IC(0.000 ns) + CELL(0.000 ns) = 0.000 ns; Loc. = LCFF_X1_Y7_N13; Fanout = 3; REG Node = 'counter[2]'
            Info: 2: + IC(0.330 ns) + CELL(0.398 ns) = 0.728 ns; Loc. = LCCOMB_X1_Y7_N2; Fanout = 1; COMB Node = 'LessThan0~0'
            Info: 3: + IC(0.250 ns) + CELL(0.150 ns) = 1.128 ns; Loc. = LCCOMB_X1_Y7_N0; Fanout = 9; COMB Node = 'LessThan0~1'
            Info: 4: + IC(0.226 ns) + CELL(0.510 ns) = 1.864 ns; Loc. = LCFF_X1_Y7_N23; Fanout = 3; REG Node = 'counter[7]'
            Info: Total cell delay = 1.058 ns ( 56.76 % )
            Info: Total interconnect delay = 0.806 ns ( 43.24 % )
        Info: - Smallest clock skew is 0.000 ns
            Info: + Shortest clock path from clock "clk" to destination register is 2.664 ns
                Info: 1: + IC(0.000 ns) + CELL(0.999 ns) = 0.999 ns; Loc. = PIN_P2; Fanout = 1; CLK Node = 'clk'
                Info: 2: + IC(0.118 ns) + CELL(0.000 ns) = 1.117 ns; Loc. = CLKCTRL_G3; Fanout = 9; COMB Node = 'clk~clkctrl'
                Info: 3: + IC(1.010 ns) + CELL(0.537 ns) = 2.664 ns; Loc. = LCFF_X1_Y7_N23; Fanout = 3; REG Node = 'counter[7]'
                Info: Total cell delay = 1.536 ns ( 57.66 % )
                Info: Total interconnect delay = 1.128 ns ( 42.34 % )
            Info: - Longest clock path from clock "clk" to source register is 2.664 ns
                Info: 1: + IC(0.000 ns) + CELL(0.999 ns) = 0.999 ns; Loc. = PIN_P2; Fanout = 1; CLK Node = 'clk'
                Info: 2: + IC(0.118 ns) + CELL(0.000 ns) = 1.117 ns; Loc. = CLKCTRL_G3; Fanout = 9; COMB Node = 'clk~clkctrl'
                Info: 3: + IC(1.010 ns) + CELL(0.537 ns) = 2.664 ns; Loc. = LCFF_X1_Y7_N13; Fanout = 3; REG Node = 'counter[2]'
                Info: Total cell delay = 1.536 ns ( 57.66 % )
                Info: Total interconnect delay = 1.128 ns ( 42.34 % )
        Info: + Micro clock to output delay of source is 0.250 ns
        Info: + Micro setup delay of destination is -0.036 ns
Info: tco from clock "clk" to destination pin "f_out" through register "status" is 6.063 ns
    Info: + Longest clock path from clock "clk" to source register is 2.664 ns
        Info: 1: + IC(0.000 ns) + CELL(0.999 ns) = 0.999 ns; Loc. = PIN_P2; Fanout = 1; CLK Node = 'clk'
        Info: 2: + IC(0.118 ns) + CELL(0.000 ns) = 1.117 ns; Loc. = CLKCTRL_G3; Fanout = 9; COMB Node = 'clk~clkctrl'
        Info: 3: + IC(1.010 ns) + CELL(0.537 ns) = 2.664 ns; Loc. = LCFF_X1_Y7_N1; Fanout = 1; REG Node = 'status'
        Info: Total cell delay = 1.536 ns ( 57.66 % )
        Info: Total interconnect delay = 1.128 ns ( 42.34 % )
    Info: + Micro clock to output delay of source is 0.250 ns
    Info: + Longest register to pin delay is 3.149 ns
        Info: 1: + IC(0.000 ns) + CELL(0.000 ns) = 0.000 ns; Loc. = LCFF_X1_Y7_N1; Fanout = 1; REG Node = 'status'
        Info: 2: + IC(0.517 ns) + CELL(2.632 ns) = 3.149 ns; Loc. = PIN_T8; Fanout = 0; PIN Node = 'f_out'
        Info: Total cell delay = 2.632 ns ( 83.58 % )
        Info: Total interconnect delay = 0.517 ns ( 16.42 % )
Info: Quartus II Classic Timing Analyzer was successful. 0 errors, 1 warning
    Info: Peak virtual memory: 173 megabytes
    Info: Processing ended: Tue Sep 24 08:35:58 2019
    Info: Elapsed time: 00:00:00
    Info: Total CPU time (on all processors): 00:00:00


