Flow report for avalonPWM
Tue Nov 24 00:36:12 2020
Quartus II 32-bit Version 11.1 Build 259 01/25/2012 Service Pack 2 SJ Web Edition


---------------------
; Table of Contents ;
---------------------
  1. Legal Notice
  2. Flow Summary
  3. Flow Settings
  4. Flow Non-Default Global Settings
  5. Flow Elapsed Time
  6. Flow OS Summary
  7. Flow Log



----------------
; Legal Notice ;
----------------
Copyright (C) 1991-2011 Altera Corporation
Your use of Altera Corporation's design tools, logic functions 
and other software and tools, and its AMPP partner logic 
functions, and any output files from any of the foregoing 
(including device programming or simulation files), and any 
associated documentation or information are expressly subject 
to the terms and conditions of the Altera Program License 
Subscription Agreement, Altera MegaCore Function License 
Agreement, or other applicable license agreement, including, 
without limitation, that your use is for the sole purpose of 
programming logic devices manufactured by Altera and sold by 
Altera or its authorized distributors.  Please refer to the 
applicable agreement for further details.



+------------------------------------------------------------------------------------+
; Flow Summary                                                                       ;
+------------------------------------+-----------------------------------------------+
; Flow Status                        ; Successful - Tue Nov 24 00:36:08 2020         ;
; Quartus II 32-bit Version          ; 11.1 Build 259 01/25/2012 SP 2 SJ Web Edition ;
; Revision Name                      ; avalonPWM                                     ;
; Top-level Entity Name              ; mon_sopc                                      ;
; Family                             ; Cyclone IV E                                  ;
; Device                             ; EP4CE22F17C6                                  ;
; Timing Models                      ; Final                                         ;
; Total logic elements               ; 1,695 / 22,320 ( 8 % )                        ;
;     Total combinational functions  ; 1,538 / 22,320 ( 7 % )                        ;
;     Dedicated logic registers      ; 873 / 22,320 ( 4 % )                          ;
; Total registers                    ; 873                                           ;
; Total pins                         ; 5 / 154 ( 3 % )                               ;
; Total virtual pins                 ; 0                                             ;
; Total memory bits                  ; 175,104 / 608,256 ( 29 % )                    ;
; Embedded Multiplier 9-bit elements ; 0 / 132 ( 0 % )                               ;
; Total PLLs                         ; 0 / 4 ( 0 % )                                 ;
+------------------------------------+-----------------------------------------------+


+-----------------------------------------+
; Flow Settings                           ;
+-------------------+---------------------+
; Option            ; Setting             ;
+-------------------+---------------------+
; Start date & time ; 11/24/2020 00:35:33 ;
; Main task         ; Compilation         ;
; Revision Name     ; avalonPWM           ;
+-------------------+---------------------+


+----------------------------------------------------------------------------------------------------------------+
; Flow Non-Default Global Settings                                                                               ;
+-------------------------------------+-------------------------------+---------------+-------------+------------+
; Assignment Name                     ; Value                         ; Default Value ; Entity Name ; Section Id ;
+-------------------------------------+-------------------------------+---------------+-------------+------------+
; COMPILER_SIGNATURE_ID               ; 4459183043949.160617453303244 ; --            ; --          ; --         ;
; IP_TOOL_ENV                         ; sopc                          ; --            ; AnemoAvalon ; --         ;
; IP_TOOL_ENV                         ; sopc                          ; --            ; sopcPWM     ; --         ;
; IP_TOOL_NAME                        ; sopc                          ; --            ; AnemoAvalon ; --         ;
; IP_TOOL_NAME                        ; sopc                          ; --            ; sopcPWM     ; --         ;
; IP_TOOL_VERSION                     ; 11.1sp2                       ; --            ; AnemoAvalon ; --         ;
; IP_TOOL_VERSION                     ; 11.1sp2                       ; --            ; sopcPWM     ; --         ;
; MAX_CORE_JUNCTION_TEMP              ; 85                            ; --            ; --          ; --         ;
; MIN_CORE_JUNCTION_TEMP              ; 0                             ; --            ; --          ; --         ;
; NOMINAL_CORE_SUPPLY_VOLTAGE         ; 1.2V                          ; --            ; --          ; --         ;
; PARTITION_COLOR                     ; 16764057                      ; --            ; mon_sopc    ; Top        ;
; PARTITION_FITTER_PRESERVATION_LEVEL ; PLACEMENT_AND_ROUTING         ; --            ; mon_sopc    ; Top        ;
; PARTITION_NETLIST_TYPE              ; SOURCE                        ; --            ; mon_sopc    ; Top        ;
; SOPC_BUILDER_SIGNATURE_ID           ; Eed5642cf84900000175aea17f9c  ; --            ; --          ; --         ;
; SOPC_BUILDER_SIGNATURE_ID           ; Eed5642cf84900000175f76e9c3d  ; --            ; --          ; --         ;
; TOP_LEVEL_ENTITY                    ; mon_sopc                      ; avalonPWM     ; --          ; --         ;
+-------------------------------------+-------------------------------+---------------+-------------+------------+


+-------------------------------------------------------------------------------------------------------------------------------+
; Flow Elapsed Time                                                                                                             ;
+---------------------------+--------------+-------------------------+---------------------+------------------------------------+
; Module Name               ; Elapsed Time ; Average Processors Used ; Peak Virtual Memory ; Total CPU Time (on all processors) ;
+---------------------------+--------------+-------------------------+---------------------+------------------------------------+
; Analysis & Synthesis      ; 00:00:15     ; 1.0                     ; 378 MB              ; 00:00:14                           ;
; Fitter                    ; 00:00:13     ; 1.0                     ; 456 MB              ; 00:00:11                           ;
; Assembler                 ; 00:00:03     ; 1.0                     ; 344 MB              ; 00:00:03                           ;
; TimeQuest Timing Analyzer ; 00:00:07     ; 1.0                     ; 359 MB              ; 00:00:06                           ;
; Total                     ; 00:00:38     ; --                      ; --                  ; 00:00:34                           ;
+---------------------------+--------------+-------------------------+---------------------+------------------------------------+


+----------------------------------------------------------------------------------------+
; Flow OS Summary                                                                        ;
+---------------------------+------------------+-----------+------------+----------------+
; Module Name               ; Machine Hostname ; OS Name   ; OS Version ; Processor type ;
+---------------------------+------------------+-----------+------------+----------------+
; Analysis & Synthesis      ; LAPTOP-VAGES4JK  ; Windows 7 ; 6.2        ; x86_64         ;
; Fitter                    ; LAPTOP-VAGES4JK  ; Windows 7 ; 6.2        ; x86_64         ;
; Assembler                 ; LAPTOP-VAGES4JK  ; Windows 7 ; 6.2        ; x86_64         ;
; TimeQuest Timing Analyzer ; LAPTOP-VAGES4JK  ; Windows 7 ; 6.2        ; x86_64         ;
+---------------------------+------------------+-----------+------------+----------------+


------------
; Flow Log ;
------------
quartus_map --read_settings_files=on --write_settings_files=off avalonPWM -c avalonPWM
quartus_fit --read_settings_files=off --write_settings_files=off avalonPWM -c avalonPWM
quartus_asm --read_settings_files=off --write_settings_files=off avalonPWM -c avalonPWM
quartus_sta avalonPWM -c avalonPWM



